Logging level: Debug
Configurations cached at d:\codes\Mercury\.vscode\configurationCache.log
No folder path to the makefile is defined in the settings file.
Always pre-configure: false
Always post-configure: false
Dry-run switches: '--always-make', '--keep-going', '--print-directory'
Found the following configurations defined in makefile.configurations setting: Default;Print make version
Reading current launch configuration "d:\codes\c++\Test14>LatihanPemrograman()" from the workspace state.
Default launch configuration: MIMode = undefined,
                miDebuggerPath = undefined,
                stopAtEntry = undefined,
                symbolSearchPath = undefined
Configure on open: true
Configure on edit: true
Configure after command: true
Only .PHONY targets: false
Save before build or configure: true
Build before launch: true
Clear output before build: true
Ignore directory commands: true
compile_commands.json path: null
Deduced command 'mingw32-make.exe -f d:\codes\Mercury\Makefile' for configuration "Default"
The makefile entry point was not found. Make sure it exists at the location defined by makefile.makefilePath, makefile.configurations[].makefilePath, makefile makefile.makeDirectory, makefile.configurations[].makeDirectory or in the root of the workspace.
Sending telemetry: eventName = makefileNotFound
properties: reason = "not found at path given in settings"
Sending telemetry: eventName = settings
properties: makefile.configurations.name = "...",makefile.launchConfigurations.cwd = "...",makefile.launchConfigurations.binaryPath = "...",makefile.makePath = "...",makefile.makeDirectory = "undefined",makefile.makefilePath = "...",makefile.buildLog = "undefined",makefile.extensionOutputFolder = "...",makefile.extensionLog = "...",makefile.configureOnOpen = "true"
